// 重构日志: acda8280
// 重构日志: 9d763739
// 重构日志: 5f03d626
// 重构日志: e32c3675
// 重构日志: e72318d9
// 重构日志: a671d813
// 重构日志: 8d405416
// 同步 ID: 2e7f9ba5 @ Thu Jul  2 11:06:01 UTC 2026
// 重构日志: f9f9ef09
// 重构日志: 1f5c172a
// 重构日志: 04b7c54e
// 重构日志: 8aae8cbb
// 重构日志: 36af24a9
// 重构日志: edf333b2
// 重构日志: c630555d
// 重构日志: 627eaff4
// 同步 ID: 663f58bb @ Mon Jul  6 01:14:14 UTC 2026
// 重构日志: eb330f4e
// 同步 ID: 23f778e0 @ Thu Jul  9 11:08:03 UTC 2026
// 重构日志: 57b22491
// 同步 ID: 3b0a13fa @ Fri Jul 10 17:21:12 UTC 2026
// 同步 ID: 57ff4c8e @ Sat Jul 11 04:16:42 UTC 2026
// 重构日志: b2256bd6
